Added Component: Designator=Q2(TO-92 BENT)
Add component. Clean all parameters for all variants
Add component (AddParameter): Name = "Data"; Value = "27-12-2016"; VariantName = "[No Variations]"
Add component (AddParameter): Name = "Desc."; Value = "Plastic Medium-Power. Silicon NPN Transistors"; VariantName = "[No Variations]"
Add component (AddParameter): Name = "Designer"; Value = "Abbas Basereh"; VariantName = "[No Variations]"
Add component (AddParameter): Name = "Link"; Value = ""; VariantName = "[No Variations]"
Add component (AddParameter): Name = "Manufacturer"; Value = ""; VariantName = "[No Variations]"
Add component (AddParameter): Name = "Part. No"; Value = ""; VariantName = "[No Variations]"
Added Component: Designator=R2(RES 1206 (3216X08L))
Add component. Clean all parameters for all variants
Add component (AddParameter): Name = "Power"; Value = "1/8 W"; VariantName = "[No Variations]"
Add component (AddParameter): Name = "Tolerance"; Value = "5%"; VariantName = "[No Variations]"
Add component (AddParameter): Name = "Value"; Value = "1K"; VariantName = "[No Variations]"
Added Pin To Net: NetName=reset_m328 Pin=Q2-1
Added Pin To Net: NetName=GND Pin=Q2-3
Added Pin To Net: NetName=VCC Pin=U2-30
Added Pin To Net: NetName=NetQ2_2 Pin=Q2-2
Added Pin To Net: NetName=NetQ2_2 Pin=R2-2
Added Net: Name=NetQ2_2
Added Pin To Net: NetName=reset Pin=R2-1
Added Pin To Net: NetName=reset Pin=U2-27
Added Net: Name=reset
Added Member To Class: ClassName=my-cnc Member=Component Q2 BC547
Added Member To Class: ClassName=my-cnc Member=Component R2 1K
Added Room: Name=my-cnc
