Removed Pin From Net: NetName=d25 Pin=P?-1
Removed Pin From Net: NetName=resume Pin=P?-2
Removed Pin From Net: NetName=hold Pin=P?-4
Removed Pin From Net: NetName=abort Pin=P?-6
Removed Pin From Net: NetName=step_x Pin=P?-8
Removed Pin From Net: NetName=end_z Pin=P?-9
Removed Pin From Net: NetName=step_y Pin=P?-10
Removed Pin From Net: NetName=end_y Pin=P?-11
Removed Pin From Net: NetName=step_z Pin=P?-12
Removed Pin From Net: NetName=end_x Pin=P?-13
Removed Pin From Net: NetName=dir_x Pin=P?-14
Removed Pin From Net: NetName=dir_y Pin=P?-16
Removed Pin From Net: NetName=dir_z Pin=P?-18
Removed Pin From Net: NetName=enable Pin=P?-20
Added Pin To Net: NetName=abort Pin=P?-1
Added Pin To Net: NetName=step_x Pin=P?-2
Added Pin To Net: NetName=hold Pin=P?-3
Added Pin To Net: NetName=step_y Pin=P?-4
Added Pin To Net: NetName=resume Pin=P?-5
Added Pin To Net: NetName=step_z Pin=P?-6
Added Pin To Net: NetName=dir_x Pin=P?-8
Added Pin To Net: NetName=dir_y Pin=P?-10
Added Pin To Net: NetName=dir_z Pin=P?-12
Added Pin To Net: NetName=enable Pin=P?-14
Added Pin To Net: NetName=end_x Pin=P?-16
Added Pin To Net: NetName=end_y Pin=P?-18
Added Pin To Net: NetName=end_z Pin=P?-20
Added Member To Class: ClassName=my-cnc Member=Component C4 1uF
Added Member To Class: ClassName=my-cnc Member=Component P? Header 10X2
Added Member To Class: ClassName=my-cnc Member=Component R2 1K
Added Room: Name=my-cnc
