Removed Member From Class: ClassName=my-cnc Member=D?
Change Component Designator: OldDesignator=C? NewDesignator=C4
Change Component Designator: OldDesignator=D? NewDesignator=D1
Change Component Designator: OldDesignator=IC? NewDesignator=IC1
Change Component Designator: OldDesignator=J? NewDesignator=J1
Change Component Designator: OldDesignator=J? NewDesignator=J2
Change Component Designator: OldDesignator=M? NewDesignator=M1
Change Component Designator: OldDesignator=M? NewDesignator=M2
Change Component Designator: OldDesignator=M? NewDesignator=M3
Change Component Designator: OldDesignator=M? NewDesignator=M4
Change Component Designator: OldDesignator=Q? NewDesignator=Q1
Change Component Designator: OldDesignator=R? NewDesignator=R1
Change Component Designator: OldDesignator=R? NewDesignator=R3
Change Component Designator: OldDesignator=U NewDesignator=U4
Change Component Designator: OldDesignator=U? NewDesignator=U2
Added Component: Designator=Buzzer1(BUZZER)
Add component. Clean all parameters for all variants
Add component (AddParameter): Name = "ComponentLinkURL"; Value = "www.picpars.com"; VariantName = "[No Variations]"
Add component (AddParameter): Name = "Designer"; Value = "Seyed Mohsen Ghasemain"; VariantName = "[No Variations]"
Added Component: Designator=C1(CAP SMD 470uF)
Add component. Clean all parameters for all variants
Add component (AddParameter): Name = "Data"; Value = "16-12-2016"; VariantName = "[No Variations]"
Add component (AddParameter): Name = "Designer"; Value = "Abbas Basereh"; VariantName = "[No Variations]"
Add component (AddParameter): Name = "Link"; Value = ""; VariantName = "[No Variations]"
Add component (AddParameter): Name = "Manufacturer"; Value = ""; VariantName = "[No Variations]"
Add component (AddParameter): Name = "Part. No"; Value = ""; VariantName = "[No Variations]"
Add component (AddParameter): Name = "VALUE"; Value = "1uF"; VariantName = "[No Variations]"
Added Component: Designator=C2(SMD_CAP_1206)
Add component. Clean all parameters for all variants
Add component (AddParameter): Name = "Adding Date"; Value = "1387/12/20"; VariantName = "[No Variations]"
Add component (AddParameter): Name = "Designer"; Value = "Saeid Jorablo"; VariantName = "[No Variations]"
Add component (AddParameter): Name = "Organazation"; Value = "ControTec"; VariantName = "[No Variations]"
Add component (AddParameter): Name = "Value"; Value = "100nF"; VariantName = "[No Variations]"
Add component (AddParameter): Name = "Voltage"; Value = "100V"; VariantName = "[No Variations]"
Added Component: Designator=C3(CAP SMD 470uF)
Add component. Clean all parameters for all variants
Add component (AddParameter): Name = "Data"; Value = "16-12-2016"; VariantName = "[No Variations]"
Add component (AddParameter): Name = "Designer"; Value = "Abbas Basereh"; VariantName = "[No Variations]"
Add component (AddParameter): Name = "Link"; Value = ""; VariantName = "[No Variations]"
Add component (AddParameter): Name = "Manufacturer"; Value = ""; VariantName = "[No Variations]"
Add component (AddParameter): Name = "Part. No"; Value = ""; VariantName = "[No Variations]"
Add component (AddParameter): Name = "VALUE"; Value = "1uF"; VariantName = "[No Variations]"
Added Component: Designator=C5(cap 03)
Add component. Clean all parameters for all variants
Add component (AddParameter): Name = "Adding Date"; Value = "1387/12/20"; VariantName = "[No Variations]"
Add component (AddParameter): Name = "Designer"; Value = "Saeid Jorablo"; VariantName = "[No Variations]"
Add component (AddParameter): Name = "Organazation"; Value = "ControTec"; VariantName = "[No Variations]"
Add component (AddParameter): Name = "Value"; Value = "1uF"; VariantName = "[No Variations]"
Add component (AddParameter): Name = "Voltage"; Value = "16V"; VariantName = "[No Variations]"
Added Component: Designator=C6(SMD_CAP_1206)
Add component. Clean all parameters for all variants
Add component (AddParameter): Name = "Adding Date"; Value = "1387/12/20"; VariantName = "[No Variations]"
Add component (AddParameter): Name = "Designer"; Value = "Saeid Jorablo"; VariantName = "[No Variations]"
Add component (AddParameter): Name = "Organazation"; Value = "ControTec"; VariantName = "[No Variations]"
Add component (AddParameter): Name = "Value"; Value = "100nF"; VariantName = "[No Variations]"
Add component (AddParameter): Name = "Voltage"; Value = "100V"; VariantName = "[No Variations]"
Added Component: Designator=C7(SMD_CAP_1206)
Add component. Clean all parameters for all variants
Add component (AddParameter): Name = "Adding Date"; Value = "1387/12/20"; VariantName = "[No Variations]"
Add component (AddParameter): Name = "Designer"; Value = "Saeid Jorablo"; VariantName = "[No Variations]"
Add component (AddParameter): Name = "Organazation"; Value = "ControTec"; VariantName = "[No Variations]"
Add component (AddParameter): Name = "Value"; Value = "100nF"; VariantName = "[No Variations]"
Add component (AddParameter): Name = "Voltage"; Value = "100V"; VariantName = "[No Variations]"
Added Component: Designator=C8(SMD_CAP_1206)
Add component. Clean all parameters for all variants
Add component (AddParameter): Name = "Adding Date"; Value = "1387/12/20"; VariantName = "[No Variations]"
Add component (AddParameter): Name = "Designer"; Value = "Saeid Jorablo"; VariantName = "[No Variations]"
Add component (AddParameter): Name = "Organazation"; Value = "ControTec"; VariantName = "[No Variations]"
Add component (AddParameter): Name = "Value"; Value = "100nF"; VariantName = "[No Variations]"
Add component (AddParameter): Name = "Voltage"; Value = "100V"; VariantName = "[No Variations]"
Added Component: Designator=C9(SMD_CAP_1206)
Add component. Clean all parameters for all variants
Add component (AddParameter): Name = "Adding Date"; Value = "1387/12/20"; VariantName = "[No Variations]"
Add component (AddParameter): Name = "Designer"; Value = "Saeid Jorablo"; VariantName = "[No Variations]"
Add component (AddParameter): Name = "Organazation"; Value = "ControTec"; VariantName = "[No Variations]"
Add component (AddParameter): Name = "Value"; Value = "100nF"; VariantName = "[No Variations]"
Add component (AddParameter): Name = "Voltage"; Value = "100V"; VariantName = "[No Variations]"
Added Component: Designator=C10(SMD_CAP_1206)
Add component. Clean all parameters for all variants
Add component (AddParameter): Name = "Adding Date"; Value = "1387/12/20"; VariantName = "[No Variations]"
Add component (AddParameter): Name = "Designer"; Value = "Saeid Jorablo"; VariantName = "[No Variations]"
Add component (AddParameter): Name = "Organazation"; Value = "ControTec"; VariantName = "[No Variations]"
Add component (AddParameter): Name = "Value"; Value = "100nF"; VariantName = "[No Variations]"
Add component (AddParameter): Name = "Voltage"; Value = "100V"; VariantName = "[No Variations]"
Added Component: Designator=C11(SMD_CAP_1206)
Add component. Clean all parameters for all variants
Add component (AddParameter): Name = "Adding Date"; Value = "1387/12/20"; VariantName = "[No Variations]"
Add component (AddParameter): Name = "Designer"; Value = "Saeid Jorablo"; VariantName = "[No Variations]"
Add component (AddParameter): Name = "Organazation"; Value = "ControTec"; VariantName = "[No Variations]"
Add component (AddParameter): Name = "Value"; Value = "100nF"; VariantName = "[No Variations]"
Add component (AddParameter): Name = "Voltage"; Value = "100V"; VariantName = "[No Variations]"
Added Component: Designator=C12(SMD_CAP_1206)
Add component. Clean all parameters for all variants
Add component (AddParameter): Name = "Adding Date"; Value = "1387/12/20"; VariantName = "[No Variations]"
Add component (AddParameter): Name = "Designer"; Value = "Saeid Jorablo"; VariantName = "[No Variations]"
Add component (AddParameter): Name = "Organazation"; Value = "ControTec"; VariantName = "[No Variations]"
Add component (AddParameter): Name = "Value"; Value = "100nF"; VariantName = "[No Variations]"
Add component (AddParameter): Name = "Voltage"; Value = "100V"; VariantName = "[No Variations]"
Added Component: Designator=D2(DIOM7959X265N)
Add component. Clean all parameters for all variants
Add component (AddParameter): Name = "Availability"; Value = "In Stock"; VariantName = "[No Variations]"
Add component (AddParameter): Name = "Check_prices"; Value = "https://www.snapeda.com/parts/SS34/Onsemi/view-part/?ref=eda"; VariantName = "[No Variations]"
Add component (AddParameter): Name = "MF"; Value = "ON Semiconductor"; VariantName = "[No Variations]"
Add component (AddParameter): Name = "MP"; Value = "SS34"; VariantName = "[No Variations]"
Add component (AddParameter): Name = "Package"; Value = "SMC-2 ON Semiconductor"; VariantName = "[No Variations]"
Add component (AddParameter): Name = "Price"; Value = "None"; VariantName = "[No Variations]"
Add component (AddParameter): Name = "SnapEDA_Link"; Value = "https://www.snapeda.com/parts/SS34/Onsemi/view-part/?ref=snap"; VariantName = "[No Variations]"
Add component (AddParameter): Name = "Value"; Value = ""; VariantName = "[No Variations]"
Added Component: Designator=D3(DO-35)
Add component. Clean all parameters for all variants
Add component (AddParameter): Name = "Code_JEDEC"; Value = "DO-204-AH"; VariantName = "[No Variations]"
Add component (AddParameter): Name = "ComponentLink1Description"; Value = "Manufacturer Link"; VariantName = "[No Variations]"
Add component (AddParameter): Name = "ComponentLink1URL"; Value = "http://www.fairchildsemi.com/"; VariantName = "[No Variations]"
Add component (AddParameter): Name = "ComponentLink2Description"; Value = "Datasheet"; VariantName = "[No Variations]"
Add component (AddParameter): Name = "ComponentLink2URL"; Value = "http://www.fairchildsemi.com/ds/1N%2F1N4148.pdf"; VariantName = "[No Variations]"
Add component (AddParameter): Name = "DatasheetVersion"; Value = "1997"; VariantName = "[No Variations]"
Add component (AddParameter): Name = "LatestRevisionDate"; Value = "17-Jul-2002"; VariantName = "[No Variations]"
Add component (AddParameter): Name = "LatestRevisionNote"; Value = "Re-released for DXP Platform."; VariantName = "[No Variations]"
Add component (AddParameter): Name = "PackageDescription"; Value = "Diode, Axial; Body 3.8 x 1.9 mm (LxDia. max), Lead Dia. 0.53 mm (max)"; VariantName = "[No Variations]"
Add component (AddParameter): Name = "PackageReference"; Value = "DO-35"; VariantName = "[No Variations]"
Add component (AddParameter): Name = "Published"; Value = "8-Jun-2000"; VariantName = "[No Variations]"
Add component (AddParameter): Name = "Publisher"; Value = "Altium Limited"; VariantName = "[No Variations]"
Added Component: Designator=D4(DO-35)
Add component. Clean all parameters for all variants
Add component (AddParameter): Name = "Code_JEDEC"; Value = "DO-204-AH"; VariantName = "[No Variations]"
Add component (AddParameter): Name = "ComponentLink1Description"; Value = "Manufacturer Link"; VariantName = "[No Variations]"
Add component (AddParameter): Name = "ComponentLink1URL"; Value = "http://www.fairchildsemi.com/"; VariantName = "[No Variations]"
Add component (AddParameter): Name = "ComponentLink2Description"; Value = "Datasheet"; VariantName = "[No Variations]"
Add component (AddParameter): Name = "ComponentLink2URL"; Value = "http://www.fairchildsemi.com/ds/1N%2F1N4148.pdf"; VariantName = "[No Variations]"
Add component (AddParameter): Name = "DatasheetVersion"; Value = "1997"; VariantName = "[No Variations]"
Add component (AddParameter): Name = "LatestRevisionDate"; Value = "17-Jul-2002"; VariantName = "[No Variations]"
Add component (AddParameter): Name = "LatestRevisionNote"; Value = "Re-released for DXP Platform."; VariantName = "[No Variations]"
Add component (AddParameter): Name = "PackageDescription"; Value = "Diode, Axial; Body 3.8 x 1.9 mm (LxDia. max), Lead Dia. 0.53 mm (max)"; VariantName = "[No Variations]"
Add component (AddParameter): Name = "PackageReference"; Value = "DO-35"; VariantName = "[No Variations]"
Add component (AddParameter): Name = "Published"; Value = "8-Jun-2000"; VariantName = "[No Variations]"
Add component (AddParameter): Name = "Publisher"; Value = "Altium Limited"; VariantName = "[No Variations]"
Added Component: Designator=D5(DO-35)
Add component. Clean all parameters for all variants
Add component (AddParameter): Name = "Code_JEDEC"; Value = "DO-204-AH"; VariantName = "[No Variations]"
Add component (AddParameter): Name = "ComponentLink1Description"; Value = "Manufacturer Link"; VariantName = "[No Variations]"
Add component (AddParameter): Name = "ComponentLink1URL"; Value = "http://www.fairchildsemi.com/"; VariantName = "[No Variations]"
Add component (AddParameter): Name = "ComponentLink2Description"; Value = "Datasheet"; VariantName = "[No Variations]"
Add component (AddParameter): Name = "ComponentLink2URL"; Value = "http://www.fairchildsemi.com/ds/1N%2F1N4148.pdf"; VariantName = "[No Variations]"
Add component (AddParameter): Name = "DatasheetVersion"; Value = "1997"; VariantName = "[No Variations]"
Add component (AddParameter): Name = "LatestRevisionDate"; Value = "17-Jul-2002"; VariantName = "[No Variations]"
Add component (AddParameter): Name = "LatestRevisionNote"; Value = "Re-released for DXP Platform."; VariantName = "[No Variations]"
Add component (AddParameter): Name = "PackageDescription"; Value = "Diode, Axial; Body 3.8 x 1.9 mm (LxDia. max), Lead Dia. 0.53 mm (max)"; VariantName = "[No Variations]"
Add component (AddParameter): Name = "PackageReference"; Value = "DO-35"; VariantName = "[No Variations]"
Add component (AddParameter): Name = "Published"; Value = "8-Jun-2000"; VariantName = "[No Variations]"
Add component (AddParameter): Name = "Publisher"; Value = "Altium Limited"; VariantName = "[No Variations]"
Added Component: Designator=D6(LED 1206)
Add component. Clean all parameters for all variants
Added Component: Designator=D7(DO-35)
Add component. Clean all parameters for all variants
Add component (AddParameter): Name = "Code_JEDEC"; Value = "DO-204-AH"; VariantName = "[No Variations]"
Add component (AddParameter): Name = "ComponentLink1Description"; Value = "Manufacturer Link"; VariantName = "[No Variations]"
Add component (AddParameter): Name = "ComponentLink1URL"; Value = "http://www.fairchildsemi.com/"; VariantName = "[No Variations]"
Add component (AddParameter): Name = "ComponentLink2Description"; Value = "Datasheet"; VariantName = "[No Variations]"
Add component (AddParameter): Name = "ComponentLink2URL"; Value = "http://www.fairchildsemi.com/ds/1N%2F1N4148.pdf"; VariantName = "[No Variations]"
Add component (AddParameter): Name = "DatasheetVersion"; Value = "1997"; VariantName = "[No Variations]"
Add component (AddParameter): Name = "LatestRevisionDate"; Value = "17-Jul-2002"; VariantName = "[No Variations]"
Add component (AddParameter): Name = "LatestRevisionNote"; Value = "Re-released for DXP Platform."; VariantName = "[No Variations]"
Add component (AddParameter): Name = "PackageDescription"; Value = "Diode, Axial; Body 3.8 x 1.9 mm (LxDia. max), Lead Dia. 0.53 mm (max)"; VariantName = "[No Variations]"
Add component (AddParameter): Name = "PackageReference"; Value = "DO-35"; VariantName = "[No Variations]"
Add component (AddParameter): Name = "Published"; Value = "8-Jun-2000"; VariantName = "[No Variations]"
Add component (AddParameter): Name = "Publisher"; Value = "Altium Limited"; VariantName = "[No Variations]"
Added Component: Designator=D8(LED 1206)
Add component. Clean all parameters for all variants
Added Component: Designator=D9(LED 1206)
Add component. Clean all parameters for all variants
Added Component: Designator=D10(LED 1206)
Add component. Clean all parameters for all variants
Added Component: Designator=D11(LED 1206)
Add component. Clean all parameters for all variants
Added Component: Designator=L1(AXIAL-0.9)
Add component. Clean all parameters for all variants
Add component (AddParameter): Name = "LatestRevisionDate"; Value = "17-Jul-2002"; VariantName = "[No Variations]"
Add component (AddParameter): Name = "LatestRevisionNote"; Value = "Re-released for DXP Platform."; VariantName = "[No Variations]"
Add component (AddParameter): Name = "PackageDescription"; Value = "Axial Device, Thru-Hole; 2 Leads; 0.9 in Pin Spacing"; VariantName = "[No Variations]"
Add component (AddParameter): Name = "PackageReference"; Value = "AXIAL-0.9"; VariantName = "[No Variations]"
Add component (AddParameter): Name = "Published"; Value = "24-Mar-1999"; VariantName = "[No Variations]"
Add component (AddParameter): Name = "Publisher"; Value = "Altium Limited"; VariantName = "[No Variations]"
Add component (AddParameter): Name = "Value"; Value = "10mH"; VariantName = "[No Variations]"
Added Component: Designator=lcd_pin1(HDR2X5)
Add component. Clean all parameters for all variants
Add component (AddParameter): Name = "LatestRevisionDate"; Value = "17-Jul-2002"; VariantName = "[No Variations]"
Add component (AddParameter): Name = "LatestRevisionNote"; Value = "Re-released for DXP Platform."; VariantName = "[No Variations]"
Add component (AddParameter): Name = "Publisher"; Value = "Altium Limited"; VariantName = "[No Variations]"
Added Component: Designator=P1(USB2.5-2H4F)
Add component. Clean all parameters for all variants
Add component (AddParameter): Name = "Adding Date"; Value = "10/26/2010"; VariantName = "[No Variations]"
Added Component: Designator=R2(Axial 0_25w_2_54mm)
Add component. Clean all parameters for all variants
Add component (AddParameter): Name = "Data"; Value = "4-1-2017"; VariantName = "[No Variations]"
Add component (AddParameter): Name = "Desc."; Value = "RES Axial 0.25W"; VariantName = "[No Variations]"
Add component (AddParameter): Name = "Designer"; Value = "Abbas Basereh"; VariantName = "[No Variations]"
Added Component: Designator=R4(Axial 0_25w_2_54mm)
Add component. Clean all parameters for all variants
Add component (AddParameter): Name = "Data"; Value = "4-1-2017"; VariantName = "[No Variations]"
Add component (AddParameter): Name = "Desc."; Value = "RES Axial 0.25W"; VariantName = "[No Variations]"
Add component (AddParameter): Name = "Designer"; Value = "Abbas Basereh"; VariantName = "[No Variations]"
Added Component: Designator=R5(RES 1206 (3216X08L))
Add component. Clean all parameters for all variants
Add component (AddParameter): Name = "Power"; Value = "1/8 W"; VariantName = "[No Variations]"
Add component (AddParameter): Name = "Tolerance"; Value = "5%"; VariantName = "[No Variations]"
Add component (AddParameter): Name = "Value"; Value = "1K"; VariantName = "[No Variations]"
Added Component: Designator=R6(Axial 0_25w_2_54mm)
Add component. Clean all parameters for all variants
Add component (AddParameter): Name = "Data"; Value = "4-1-2017"; VariantName = "[No Variations]"
Add component (AddParameter): Name = "Desc."; Value = "RES Axial 0.25W"; VariantName = "[No Variations]"
Add component (AddParameter): Name = "Designer"; Value = "Abbas Basereh"; VariantName = "[No Variations]"
Added Component: Designator=R7(RES 1206 (3216X08L))
Add component. Clean all parameters for all variants
Add component (AddParameter): Name = "Power"; Value = "1/8 W"; VariantName = "[No Variations]"
Add component (AddParameter): Name = "Tolerance"; Value = "5%"; VariantName = "[No Variations]"
Add component (AddParameter): Name = "Value"; Value = "1K"; VariantName = "[No Variations]"
Added Component: Designator=R8(RES 1206 (3216X08L))
Add component. Clean all parameters for all variants
Add component (AddParameter): Name = "Power"; Value = "1/8 W"; VariantName = "[No Variations]"
Add component (AddParameter): Name = "Tolerance"; Value = "5%"; VariantName = "[No Variations]"
Add component (AddParameter): Name = "Value"; Value = "1K"; VariantName = "[No Variations]"
Added Component: Designator=R9(RES 1206 (3216X08L))
Add component. Clean all parameters for all variants
Add component (AddParameter): Name = "Power"; Value = "1/8 W"; VariantName = "[No Variations]"
Add component (AddParameter): Name = "Tolerance"; Value = "5%"; VariantName = "[No Variations]"
Add component (AddParameter): Name = "Value"; Value = "1K"; VariantName = "[No Variations]"
Added Component: Designator=R10(RES 1206 (3216X08L))
Add component. Clean all parameters for all variants
Add component (AddParameter): Name = "Power"; Value = "1/8 W"; VariantName = "[No Variations]"
Add component (AddParameter): Name = "Tolerance"; Value = "5%"; VariantName = "[No Variations]"
Add component (AddParameter): Name = "Value"; Value = "1K"; VariantName = "[No Variations]"
Added Component: Designator=R11(RES 1206 (3216X08L))
Add component. Clean all parameters for all variants
Add component (AddParameter): Name = "Power"; Value = "1/8 W"; VariantName = "[No Variations]"
Add component (AddParameter): Name = "Tolerance"; Value = "5%"; VariantName = "[No Variations]"
Add component (AddParameter): Name = "Value"; Value = "1K"; VariantName = "[No Variations]"
Added Component: Designator=R12(RES 1206 (3216X08L))
Add component. Clean all parameters for all variants
Add component (AddParameter): Name = "Power"; Value = "1/8 W"; VariantName = "[No Variations]"
Add component (AddParameter): Name = "Tolerance"; Value = "5%"; VariantName = "[No Variations]"
Add component (AddParameter): Name = "Value"; Value = "1K"; VariantName = "[No Variations]"
Added Component: Designator=T1(phoenix terminal 2)
Add component. Clean all parameters for all variants
Add component (AddParameter): Name = "ComponentLinkURL"; Value = "www.picpars.com"; VariantName = "[No Variations]"
Add component (AddParameter): Name = "Designer"; Value = "Seyed Mohsen Ghasemain"; VariantName = "[No Variations]"
Add component (AddParameter): Name = "E-mail"; Value = "picpars@gmail.com"; VariantName = "[No Variations]"
Added Component: Designator=touch_pin1(HDR2X5)
Add component. Clean all parameters for all variants
Add component (AddParameter): Name = "LatestRevisionDate"; Value = "17-Jul-2002"; VariantName = "[No Variations]"
Add component (AddParameter): Name = "LatestRevisionNote"; Value = "Re-released for DXP Platform."; VariantName = "[No Variations]"
Add component (AddParameter): Name = "Publisher"; Value = "Altium Limited"; VariantName = "[No Variations]"
Added Component: Designator=U1(SOT254P975X400-4N)
Add component. Clean all parameters for all variants
Add component (AddParameter): Name = "Availability"; Value = "Unavailable"; VariantName = "[No Variations]"
Add component (AddParameter): Name = "MF"; Value = "Sharp Microelectronics"; VariantName = "[No Variations]"
Add component (AddParameter): Name = "MP"; Value = "PC817X2NIP0F"; VariantName = "[No Variations]"
Add component (AddParameter): Name = "Package"; Value = "SMD-4 Sharp"; VariantName = "[No Variations]"
Add component (AddParameter): Name = "Price"; Value = "None"; VariantName = "[No Variations]"
Add component (AddParameter): Name = "SnapEDA_Link"; Value = "https://www.snapeda.com/parts/PC817X2NIP0F/Sharp%20Microelectronics/view-part/2874099/?ref=snap"; VariantName = "[No Variations]"
Add component (AddParameter): Name = "Value"; Value = ""; VariantName = "[No Variations]"
Added Component: Designator=U3(DIP794W45P254L1969H508Q14)
Add component. Clean all parameters for all variants
Add component (AddParameter): Name = "Availability"; Value = "In Stock"; VariantName = "[No Variations]"
Add component (AddParameter): Name = "Check_prices"; Value = "https://www.snapeda.com/parts/CD4066BE/Texas+Instruments/view-part/?ref=eda"; VariantName = "[No Variations]"
Add component (AddParameter): Name = "MF"; Value = "Texas Instruments"; VariantName = "[No Variations]"
Add component (AddParameter): Name = "MP"; Value = "CD4066BE"; VariantName = "[No Variations]"
Add component (AddParameter): Name = "Package"; Value = "PDIP-14 Texas Instruments"; VariantName = "[No Variations]"
Add component (AddParameter): Name = "Price"; Value = "None"; VariantName = "[No Variations]"
Add component (AddParameter): Name = "Purchase-URL"; Value = "https://pricing.snapeda.com/search/part/CD4066BE/?ref=eda"; VariantName = "[No Variations]"
Add component (AddParameter): Name = "SnapEDA_Link"; Value = "https://www.snapeda.com/parts/CD4066BE/Texas+Instruments/view-part/?ref=snap"; VariantName = "[No Variations]"
Add component (AddParameter): Name = "Value"; Value = ""; VariantName = "[No Variations]"
Added Component: Designator=Y1(My_Crystal)
Add component. Clean all parameters for all variants
Added Pin To Net: NetName=GND Pin=C1-2
Added Pin To Net: NetName=GND Pin=C2-1
Added Pin To Net: NetName=GND Pin=C3-2
Added Pin To Net: NetName=GND Pin=C4-1
Added Pin To Net: NetName=GND Pin=C6-2
Added Pin To Net: NetName=GND Pin=C8-1
Added Pin To Net: NetName=GND Pin=C9-1
Added Pin To Net: NetName=GND Pin=C10-2
Added Pin To Net: NetName=GND Pin=C11-1
Added Pin To Net: NetName=GND Pin=C12-1
Added Pin To Net: NetName=GND Pin=D2-A
Added Pin To Net: NetName=GND Pin=D10-1
Added Pin To Net: NetName=GND Pin=IC1-7
Added Pin To Net: NetName=GND Pin=IC1-18
Added Pin To Net: NetName=GND Pin=IC1-21
Added Pin To Net: NetName=GND Pin=IC1-25
Added Pin To Net: NetName=GND Pin=IC1-26
Added Pin To Net: NetName=GND Pin=J1-14
Added Pin To Net: NetName=GND Pin=J1-15
Added Pin To Net: NetName=GND Pin=J2-6
Added Pin To Net: NetName=GND Pin=J2-G
Added Pin To Net: NetName=GND Pin=lcd_pin1-2
Added Pin To Net: NetName=GND Pin=P1-4
Added Pin To Net: NetName=GND Pin=P1-4
Added Pin To Net: NetName=GND Pin=P1-4
Added Pin To Net: NetName=GND Pin=Q1-3
Added Pin To Net: NetName=GND Pin=R5-2
Added Pin To Net: NetName=GND Pin=R7-1
Added Pin To Net: NetName=GND Pin=R11-1
Added Pin To Net: NetName=GND Pin=U3-7
Added Pin To Net: NetName=GND Pin=U4-3
Added Pin To Net: NetName=GND Pin=U4-5
Added Pin To Net: NetName=GND Pin=U4-21
Added Pin To Net: NetName=3.3v Pin=C9-2
Added Pin To Net: NetName=3.3v Pin=J2-4
Added Pin To Net: NetName=3.3v Pin=lcd_pin1-1
Added Pin To Net: NetName=3.3v Pin=lcd_pin1-9
Added Pin To Net: NetName=3.3v Pin=U1-4
Added Pin To Net: NetName=3.3v Pin=U2-1
Added Net: Name=3.3v
Added Pin To Net: NetName=abort Pin=J1-13
Added Pin To Net: NetName=abort Pin=U4-28
Added Net: Name=abort
Added Pin To Net: NetName=buzzer Pin=R1-1
Added Pin To Net: NetName=buzzer Pin=U2-7
Added Net: Name=buzzer
Added Pin To Net: NetName=d5 Pin=J2-1
Added Pin To Net: NetName=d5 Pin=U2-8
Added Net: Name=d5
Added Pin To Net: NetName=d13 Pin=U2-28
Added Pin To Net: NetName=d13 Pin=U3-13
Added Net: Name=d13
Added Pin To Net: NetName=d25 Pin=D6-2
Added Pin To Net: NetName=d25 Pin=R7-2
Added Pin To Net: NetName=d25 Pin=U1-3
Added Pin To Net: NetName=d25 Pin=U2-23
Added Net: Name=d25
Added Pin To Net: NetName=dir_x Pin=J1-4
Added Pin To Net: NetName=dir_x Pin=U4-9
Added Net: Name=dir_x
Added Pin To Net: NetName=dir_y Pin=J1-5
Added Pin To Net: NetName=dir_y Pin=U4-10
Added Net: Name=dir_y
Added Pin To Net: NetName=dir_z Pin=J1-6
Added Pin To Net: NetName=dir_z Pin=U4-11
Added Net: Name=dir_z
Added Pin To Net: NetName=enable Pin=J1-7
Added Pin To Net: NetName=enable Pin=U4-12
Added Net: Name=enable
Added Pin To Net: NetName=end_x Pin=J1-8
Added Pin To Net: NetName=end_x Pin=U4-13
Added Net: Name=end_x
Added Pin To Net: NetName=end_y Pin=J1-9
Added Pin To Net: NetName=end_y Pin=U4-14
Added Net: Name=end_y
Added Pin To Net: NetName=end_z Pin=D11-2
Added Pin To Net: NetName=end_z Pin=J1-10
Added Pin To Net: NetName=end_z Pin=U4-15
Added Net: Name=end_z
Added Pin To Net: NetName=hold Pin=J1-12
Added Pin To Net: NetName=hold Pin=U4-27
Added Net: Name=hold
Added Pin To Net: NetName=lcd_cs Pin=lcd_pin1-7
Added Pin To Net: NetName=lcd_cs Pin=U2-3
Added Net: Name=lcd_cs
Added Pin To Net: NetName=lcd_miso Pin=J2-7
Added Pin To Net: NetName=lcd_miso Pin=lcd_pin1-4
Added Pin To Net: NetName=lcd_miso Pin=touch_pin1-2
Added Pin To Net: NetName=lcd_miso Pin=U2-10
Added Net: Name=lcd_miso
Added Pin To Net: NetName=lcd_mosi Pin=J2-2
Added Pin To Net: NetName=lcd_mosi Pin=lcd_pin1-3
Added Pin To Net: NetName=lcd_mosi Pin=touch_pin1-1
Added Pin To Net: NetName=lcd_mosi Pin=U2-15
Added Net: Name=lcd_mosi
Added Pin To Net: NetName=lcd_reset Pin=lcd_pin1-6
Added Pin To Net: NetName=lcd_reset Pin=U2-14
Added Net: Name=lcd_reset
Added Pin To Net: NetName=lcd_rs Pin=lcd_pin1-8
Added Pin To Net: NetName=lcd_rs Pin=U2-4
Added Net: Name=lcd_rs
Added Pin To Net: NetName=lcd_sck Pin=J2-5
Added Pin To Net: NetName=lcd_sck Pin=lcd_pin1-5
Added Pin To Net: NetName=lcd_sck Pin=touch_pin1-3
Added Pin To Net: NetName=lcd_sck Pin=U2-9
Added Net: Name=lcd_sck
Added Pin To Net: NetName=miso Pin=U4-16
Added Net: Name=miso
Added Pin To Net: NetName=NetBuzzer1_2 Pin=Buzzer1-2
Added Pin To Net: NetName=NetBuzzer1_2 Pin=Q1-1
Added Net: Name=NetBuzzer1_2
Added Pin To Net: NetName=NetC1_1 Pin=C1-1
Added Pin To Net: NetName=NetC1_1 Pin=C2-2
Added Pin To Net: NetName=NetC1_1 Pin=D1-2
Added Net: Name=NetC1_1
Added Pin To Net: NetName=NetC5_1 Pin=C5-1
Added Pin To Net: NetName=NetC5_1 Pin=D4-2
Added Pin To Net: NetName=NetC5_1 Pin=D5-2
Added Pin To Net: NetName=NetC5_1 Pin=R2-1
Added Net: Name=NetC5_1
Added Pin To Net: NetName=NetC5_2 Pin=C5-2
Added Pin To Net: NetName=NetC5_2 Pin=D3-1
Added Pin To Net: NetName=NetC5_2 Pin=D7-1
Added Pin To Net: NetName=NetC5_2 Pin=U1-2
Added Net: Name=NetC5_2
Added Pin To Net: NetName=NetC6_1 Pin=C6-1
Added Pin To Net: NetName=NetC6_1 Pin=IC1-17
Added Net: Name=NetC6_1
Added Pin To Net: NetName=NetC7_2 Pin=C7-2
Added Pin To Net: NetName=NetC7_2 Pin=IC1-2
Added Net: Name=NetC7_2
Added Pin To Net: NetName=NetC11_2 Pin=C11-2
Added Pin To Net: NetName=NetC11_2 Pin=U4-7
Added Pin To Net: NetName=NetC11_2 Pin=Y1-2
Added Net: Name=NetC11_2
Added Pin To Net: NetName=NetC12_2 Pin=C12-2
Added Pin To Net: NetName=NetC12_2 Pin=U4-8
Added Pin To Net: NetName=NetC12_2 Pin=Y1-1
Added Net: Name=NetC12_2
Added Pin To Net: NetName=NetD2_C Pin=D2-C
Added Pin To Net: NetName=NetD2_C Pin=L1-1
Added Net: Name=NetD2_C
Added Pin To Net: NetName=NetD3_2 Pin=D3-2
Added Pin To Net: NetName=NetD3_2 Pin=D4-1
Added Pin To Net: NetName=NetD3_2 Pin=R4-2
Added Net: Name=NetD3_2
Added Pin To Net: NetName=NetD5_1 Pin=D5-1
Added Pin To Net: NetName=NetD5_1 Pin=D7-2
Added Pin To Net: NetName=NetD5_1 Pin=R6-1
Added Net: Name=NetD5_1
Added Pin To Net: NetName=NetD6_1 Pin=D6-1
Added Pin To Net: NetName=NetD6_1 Pin=R5-1
Added Net: Name=NetD6_1
Added Pin To Net: NetName=NetD8_2 Pin=D8-2
Added Pin To Net: NetName=NetD8_2 Pin=R8-2
Added Net: Name=NetD8_2
Added Pin To Net: NetName=NetD9_2 Pin=D9-2
Added Pin To Net: NetName=NetD9_2 Pin=R9-2
Added Net: Name=NetD9_2
Added Pin To Net: NetName=NetD10_2 Pin=D10-2
Added Pin To Net: NetName=NetD10_2 Pin=R10-2
Added Net: Name=NetD10_2
Added Pin To Net: NetName=NetD11_1 Pin=D11-1
Added Pin To Net: NetName=NetD11_1 Pin=R11-2
Added Net: Name=NetD11_1
Added Pin To Net: NetName=NetIC1_15 Pin=IC1-15
Added Pin To Net: NetName=NetIC1_15 Pin=P1-3
Added Net: Name=NetIC1_15
Added Pin To Net: NetName=NetIC1_16 Pin=IC1-16
Added Pin To Net: NetName=NetIC1_16 Pin=P1-2
Added Net: Name=NetIC1_16
Added Pin To Net: NetName=NetQ1_2 Pin=Q1-2
Added Pin To Net: NetName=NetQ1_2 Pin=R1-2
Added Net: Name=NetQ1_2
Added Pin To Net: NetName=NetR2_2 Pin=R2-2
Added Pin To Net: NetName=NetR2_2 Pin=U1-1
Added Net: Name=NetR2_2
Added Pin To Net: NetName=NetR4_1 Pin=R4-1
Added Pin To Net: NetName=NetR4_1 Pin=T1-2
Added Net: Name=NetR4_1
Added Pin To Net: NetName=NetR6_2 Pin=R6-2
Added Pin To Net: NetName=NetR6_2 Pin=T1-1
Added Net: Name=NetR6_2
Added Pin To Net: NetName=reset_m328 Pin=C7-1
Added Pin To Net: NetName=reset_m328 Pin=R12-2
Added Pin To Net: NetName=reset_m328 Pin=U4-29
Added Net: Name=reset_m328
Added Pin To Net: NetName=resume Pin=J1-11
Added Pin To Net: NetName=resume Pin=U4-26
Added Net: Name=resume
Added Pin To Net: NetName=rx_m328 Pin=IC1-1
Added Pin To Net: NetName=rx_m328 Pin=U4-30
Added Net: Name=rx_m328
Added Pin To Net: NetName=rx_m329 Pin=D8-1
Added Pin To Net: NetName=rx_m329 Pin=U3-2
Added Net: Name=rx_m329
Added Pin To Net: NetName=sck Pin=U4-17
Added Net: Name=sck
Added Pin To Net: NetName=step_x Pin=J1-1
Added Pin To Net: NetName=step_x Pin=U4-32
Added Net: Name=step_x
Added Pin To Net: NetName=step_y Pin=J1-2
Added Pin To Net: NetName=step_y Pin=U4-1
Added Net: Name=step_y
Added Pin To Net: NetName=step_z Pin=J1-3
Added Pin To Net: NetName=step_z Pin=U4-2
Added Net: Name=step_z
Added Pin To Net: NetName=touch_cs Pin=touch_pin1-4
Added Pin To Net: NetName=touch_cs Pin=U2-5
Added Net: Name=touch_cs
Added Pin To Net: NetName=tx_esp Pin=U2-21
Added Pin To Net: NetName=tx_esp Pin=U3-1
Added Net: Name=tx_esp
Added Pin To Net: NetName=tx_m328 Pin=IC1-5
Added Pin To Net: NetName=tx_m328 Pin=U2-22
Added Pin To Net: NetName=tx_m328 Pin=U4-31
Added Net: Name=tx_m328
Added Pin To Net: NetName=tx_m329 Pin=D9-1
Added Net: Name=tx_m329
Added Pin To Net: NetName=VCC Pin=Buzzer1-1
Added Pin To Net: NetName=VCC Pin=C3-1
Added Pin To Net: NetName=VCC Pin=C4-2
Added Pin To Net: NetName=VCC Pin=C8-2
Added Pin To Net: NetName=VCC Pin=C10-1
Added Pin To Net: NetName=VCC Pin=IC1-4
Added Pin To Net: NetName=VCC Pin=IC1-20
Added Pin To Net: NetName=VCC Pin=J1-24
Added Pin To Net: NetName=VCC Pin=J1-25
Added Pin To Net: NetName=VCC Pin=L1-2
Added Pin To Net: NetName=VCC Pin=P1-1
Added Pin To Net: NetName=VCC Pin=R8-1
Added Pin To Net: NetName=VCC Pin=R9-1
Added Pin To Net: NetName=VCC Pin=R10-1
Added Pin To Net: NetName=VCC Pin=R12-1
Added Pin To Net: NetName=VCC Pin=U3-14
Added Pin To Net: NetName=VCC Pin=U4-4
Added Pin To Net: NetName=VCC Pin=U4-6
Added Pin To Net: NetName=VCC Pin=U4-18
Added Pin To Net: NetName=VCC Pin=U4-20
Added Net: Name=VCC
Added Member To Class: ClassName=my-cnc Member=Component Buzzer1 Buzzer
Added Member To Class: ClassName=my-cnc Member=Component C1 1uF
Added Member To Class: ClassName=my-cnc Member=Component C2 100nF
Added Member To Class: ClassName=my-cnc Member=Component C3 1uF
Added Member To Class: ClassName=my-cnc Member=Component C5 1uF
Added Member To Class: ClassName=my-cnc Member=Component C6 100nF
Added Member To Class: ClassName=my-cnc Member=Component C7 100nF
Added Member To Class: ClassName=my-cnc Member=Component C8 100nF
Added Member To Class: ClassName=my-cnc Member=Component C9 100nF
Added Member To Class: ClassName=my-cnc Member=Component C10 100nF
Added Member To Class: ClassName=my-cnc Member=Component C11 100nF
Added Member To Class: ClassName=my-cnc Member=Component C12 100nF
Added Member To Class: ClassName=my-cnc Member=Component D1 Diode Zener
Added Member To Class: ClassName=my-cnc Member=Component D2 SS34
Added Member To Class: ClassName=my-cnc Member=Component D3 1N4148
Added Member To Class: ClassName=my-cnc Member=Component D4 1N4148
Added Member To Class: ClassName=my-cnc Member=Component D5 1N4148
Added Member To Class: ClassName=my-cnc Member=Component D6 SMD 1206 LED
Added Member To Class: ClassName=my-cnc Member=Component D7 1N4148
Added Member To Class: ClassName=my-cnc Member=Component D8 SMD 1206 LED
Added Member To Class: ClassName=my-cnc Member=Component D9 SMD 1206 LED
Added Member To Class: ClassName=my-cnc Member=Component D10 SMD 1206 LED
Added Member To Class: ClassName=my-cnc Member=Component D11 SMD 1206 LED
Added Member To Class: ClassName=my-cnc Member=Component J1 D Connector 25
Added Member To Class: ClassName=my-cnc Member=Component L1 Inductor Iron
Added Member To Class: ClassName=my-cnc Member=Component lcd_pin1 Header 5X2
Added Member To Class: ClassName=my-cnc Member=Component M2 Screw
Added Member To Class: ClassName=my-cnc Member=Component M3 Screw
Added Member To Class: ClassName=my-cnc Member=Component M4 Screw
Added Member To Class: ClassName=my-cnc Member=Component P1 USB Connector
Added Member To Class: ClassName=my-cnc Member=Component R1 1K
Added Member To Class: ClassName=my-cnc Member=Component R2 1K
Added Member To Class: ClassName=my-cnc Member=Component R4 1K
Added Member To Class: ClassName=my-cnc Member=Component R5 1K
Added Member To Class: ClassName=my-cnc Member=Component R6 1K
Added Member To Class: ClassName=my-cnc Member=Component R7 1K
Added Member To Class: ClassName=my-cnc Member=Component R8 1K
Added Member To Class: ClassName=my-cnc Member=Component R9 1K
Added Member To Class: ClassName=my-cnc Member=Component R10 1K
Added Member To Class: ClassName=my-cnc Member=Component R11 1K
Added Member To Class: ClassName=my-cnc Member=Component R12 1K
Added Member To Class: ClassName=my-cnc Member=Component T1 Phoenix terminal
Added Member To Class: ClassName=my-cnc Member=Component touch_pin1 Header 5X2
Added Member To Class: ClassName=my-cnc Member=Component U1 PC817X2NIP0F
Added Member To Class: ClassName=my-cnc Member=Component U3 CD4066BE
Added Member To Class: ClassName=my-cnc Member=Component Y1 6 MHz
Added Room: Name=my-cnc
