Removed Pin From Net: NetName=step_x Pin=J1-1
Removed Pin From Net: NetName=step_y Pin=J1-2
Removed Pin From Net: NetName=step_z Pin=J1-3
Removed Pin From Net: NetName=dir_x Pin=J1-4
Removed Pin From Net: NetName=dir_y Pin=J1-5
Removed Pin From Net: NetName=dir_z Pin=J1-6
Removed Pin From Net: NetName=end_x Pin=J1-8
Removed Pin From Net: NetName=end_y Pin=J1-9
Removed Pin From Net: NetName=end_z Pin=J1-10
Removed Pin From Net: NetName=resume Pin=J1-11
Removed Pin From Net: NetName=hold Pin=J1-12
Removed Pin From Net: NetName=abort Pin=J1-13
Removed Pin From Net: NetName=GND Pin=J1-14
Removed Pin From Net: NetName=GND Pin=J1-15
Removed Pin From Net: NetName=VCC Pin=J1-24
Removed Pin From Net: NetName=VCC Pin=J1-25
Added Pin To Net: NetName=abort Pin=J1-1
Added Pin To Net: NetName=hold Pin=J1-2
Added Pin To Net: NetName=resume Pin=J1-3
Added Pin To Net: NetName=end_z Pin=J1-4
Added Pin To Net: NetName=end_y Pin=J1-5
Added Pin To Net: NetName=end_x Pin=J1-6
Added Pin To Net: NetName=dir_z Pin=J1-8
Added Pin To Net: NetName=dir_y Pin=J1-9
Added Pin To Net: NetName=dir_x Pin=J1-10
Added Pin To Net: NetName=step_z Pin=J1-11
Added Pin To Net: NetName=step_y Pin=J1-12
Added Pin To Net: NetName=step_x Pin=J1-13
Added Pin To Net: NetName=VCC Pin=J1-14
Added Pin To Net: NetName=VCC Pin=J1-15
Added Pin To Net: NetName=GND Pin=J1-24
Added Pin To Net: NetName=GND Pin=J1-25
Added Member To Class: ClassName=my-cnc Member=Component C4 1uF
Added Member To Class: ClassName=my-cnc Member=Component R2 1K
Added Room: Name=my-cnc
