Added Component: Designator=C?(SMD_CAP_1206)
Add component. Clean all parameters for all variants
Add component (AddParameter): Name = "Adding Date"; Value = "1387/12/20"; VariantName = "[No Variations]"
Add component (AddParameter): Name = "Designer"; Value = "Saeid Jorablo"; VariantName = "[No Variations]"
Add component (AddParameter): Name = "Organazation"; Value = "ControTec"; VariantName = "[No Variations]"
Add component (AddParameter): Name = "Value"; Value = "100nF"; VariantName = "[No Variations]"
Add component (AddParameter): Name = "Voltage"; Value = "100V"; VariantName = "[No Variations]"
Added Component: Designator=D?(DO-35)
Add component. Clean all parameters for all variants
Add component (AddParameter): Name = "Code_JEDEC"; Value = "DO-204-AH"; VariantName = "[No Variations]"
Add component (AddParameter): Name = "ComponentLink1Description"; Value = "Manufacturer Link"; VariantName = "[No Variations]"
Add component (AddParameter): Name = "ComponentLink1URL"; Value = "http://www.fairchildsemi.com/"; VariantName = "[No Variations]"
Add component (AddParameter): Name = "ComponentLink2Description"; Value = "Datasheet"; VariantName = "[No Variations]"
Add component (AddParameter): Name = "ComponentLink2URL"; Value = "http://www.fairchildsemi.com/ds/1N%2F1N4148.pdf"; VariantName = "[No Variations]"
Add component (AddParameter): Name = "DatasheetVersion"; Value = "1997"; VariantName = "[No Variations]"
Add component (AddParameter): Name = "LatestRevisionDate"; Value = "17-Jul-2002"; VariantName = "[No Variations]"
Add component (AddParameter): Name = "LatestRevisionNote"; Value = "Re-released for DXP Platform."; VariantName = "[No Variations]"
Add component (AddParameter): Name = "PackageDescription"; Value = "Diode, Axial; Body 3.8 x 1.9 mm (LxDia. max), Lead Dia. 0.53 mm (max)"; VariantName = "[No Variations]"
Add component (AddParameter): Name = "PackageReference"; Value = "DO-35"; VariantName = "[No Variations]"
Add component (AddParameter): Name = "Published"; Value = "8-Jun-2000"; VariantName = "[No Variations]"
Add component (AddParameter): Name = "Publisher"; Value = "Altium Limited"; VariantName = "[No Variations]"
Added Component: Designator=D?(DO-35)
Add component. Clean all parameters for all variants
Add component (AddParameter): Name = "Code_JEDEC"; Value = "DO-204-AH"; VariantName = "[No Variations]"
Add component (AddParameter): Name = "ComponentLink1Description"; Value = "Manufacturer Link"; VariantName = "[No Variations]"
Add component (AddParameter): Name = "ComponentLink1URL"; Value = "http://www.fairchildsemi.com/"; VariantName = "[No Variations]"
Add component (AddParameter): Name = "ComponentLink2Description"; Value = "Datasheet"; VariantName = "[No Variations]"
Add component (AddParameter): Name = "ComponentLink2URL"; Value = "http://www.fairchildsemi.com/ds/1N%2F1N4148.pdf"; VariantName = "[No Variations]"
Add component (AddParameter): Name = "DatasheetVersion"; Value = "1997"; VariantName = "[No Variations]"
Add component (AddParameter): Name = "LatestRevisionDate"; Value = "17-Jul-2002"; VariantName = "[No Variations]"
Add component (AddParameter): Name = "LatestRevisionNote"; Value = "Re-released for DXP Platform."; VariantName = "[No Variations]"
Add component (AddParameter): Name = "PackageDescription"; Value = "Diode, Axial; Body 3.8 x 1.9 mm (LxDia. max), Lead Dia. 0.53 mm (max)"; VariantName = "[No Variations]"
Add component (AddParameter): Name = "PackageReference"; Value = "DO-35"; VariantName = "[No Variations]"
Add component (AddParameter): Name = "Published"; Value = "8-Jun-2000"; VariantName = "[No Variations]"
Add component (AddParameter): Name = "Publisher"; Value = "Altium Limited"; VariantName = "[No Variations]"
Added Component: Designator=D?(DO-35)
Add component. Clean all parameters for all variants
Add component (AddParameter): Name = "Code_JEDEC"; Value = "DO-204-AH"; VariantName = "[No Variations]"
Add component (AddParameter): Name = "ComponentLink1Description"; Value = "Manufacturer Link"; VariantName = "[No Variations]"
Add component (AddParameter): Name = "ComponentLink1URL"; Value = "http://www.fairchildsemi.com/"; VariantName = "[No Variations]"
Add component (AddParameter): Name = "ComponentLink2Description"; Value = "Datasheet"; VariantName = "[No Variations]"
Add component (AddParameter): Name = "ComponentLink2URL"; Value = "http://www.fairchildsemi.com/ds/1N%2F1N4148.pdf"; VariantName = "[No Variations]"
Add component (AddParameter): Name = "DatasheetVersion"; Value = "1997"; VariantName = "[No Variations]"
Add component (AddParameter): Name = "LatestRevisionDate"; Value = "17-Jul-2002"; VariantName = "[No Variations]"
Add component (AddParameter): Name = "LatestRevisionNote"; Value = "Re-released for DXP Platform."; VariantName = "[No Variations]"
Add component (AddParameter): Name = "PackageDescription"; Value = "Diode, Axial; Body 3.8 x 1.9 mm (LxDia. max), Lead Dia. 0.53 mm (max)"; VariantName = "[No Variations]"
Add component (AddParameter): Name = "PackageReference"; Value = "DO-35"; VariantName = "[No Variations]"
Add component (AddParameter): Name = "Published"; Value = "8-Jun-2000"; VariantName = "[No Variations]"
Add component (AddParameter): Name = "Publisher"; Value = "Altium Limited"; VariantName = "[No Variations]"
Added Component: Designator=D?(DO-35)
Add component. Clean all parameters for all variants
Add component (AddParameter): Name = "Code_JEDEC"; Value = "DO-204-AH"; VariantName = "[No Variations]"
Add component (AddParameter): Name = "ComponentLink1Description"; Value = "Manufacturer Link"; VariantName = "[No Variations]"
Add component (AddParameter): Name = "ComponentLink1URL"; Value = "http://www.fairchildsemi.com/"; VariantName = "[No Variations]"
Add component (AddParameter): Name = "ComponentLink2Description"; Value = "Datasheet"; VariantName = "[No Variations]"
Add component (AddParameter): Name = "ComponentLink2URL"; Value = "http://www.fairchildsemi.com/ds/1N%2F1N4148.pdf"; VariantName = "[No Variations]"
Add component (AddParameter): Name = "DatasheetVersion"; Value = "1997"; VariantName = "[No Variations]"
Add component (AddParameter): Name = "LatestRevisionDate"; Value = "17-Jul-2002"; VariantName = "[No Variations]"
Add component (AddParameter): Name = "LatestRevisionNote"; Value = "Re-released for DXP Platform."; VariantName = "[No Variations]"
Add component (AddParameter): Name = "PackageDescription"; Value = "Diode, Axial; Body 3.8 x 1.9 mm (LxDia. max), Lead Dia. 0.53 mm (max)"; VariantName = "[No Variations]"
Add component (AddParameter): Name = "PackageReference"; Value = "DO-35"; VariantName = "[No Variations]"
Add component (AddParameter): Name = "Published"; Value = "8-Jun-2000"; VariantName = "[No Variations]"
Add component (AddParameter): Name = "Publisher"; Value = "Altium Limited"; VariantName = "[No Variations]"
Added Component: Designator=D?(Diode 1W)
Add component. Clean all parameters for all variants
Add component (AddParameter): Name = "Company"; Value = "E.P.I.L"; VariantName = "[No Variations]"
Add component (AddParameter): Name = "Design Date"; Value = "2011/11/02"; VariantName = "[No Variations]"
Add component (AddParameter): Name = "Designer"; Value = "Saeid Jorablo"; VariantName = "[No Variations]"
Add component (AddParameter): Name = "Voltage"; Value = "3.3 V"; VariantName = "[No Variations]"
Added Component: Designator=J?(DSUB1.385-2H25A)
Add component. Clean all parameters for all variants
Add component (AddParameter): Name = "DatasheetDocument"; Value = "19-Mar-1999"; VariantName = "[No Variations]"
Add component (AddParameter): Name = "Gender"; Value = "Receptacle"; VariantName = "[No Variations]"
Add component (AddParameter): Name = "LatestRevisionDate"; Value = "17-Jul-2002"; VariantName = "[No Variations]"
Add component (AddParameter): Name = "LatestRevisionNote"; Value = "Re-released for DXP Platform."; VariantName = "[No Variations]"
Add component (AddParameter): Name = "Orientation"; Value = "Right Angle"; VariantName = "[No Variations]"
Add component (AddParameter): Name = "PackageDocument"; Value = "U"; VariantName = "[No Variations]"
Add component (AddParameter): Name = "PackageReference"; Value = "787202"; VariantName = "[No Variations]"
Add component (AddParameter): Name = "Positions"; Value = "25"; VariantName = "[No Variations]"
Add component (AddParameter): Name = "Published"; Value = "15-Jun-2001"; VariantName = "[No Variations]"
Add component (AddParameter): Name = "Publisher"; Value = "Altium Limited"; VariantName = "[No Variations]"
Added Component: Designator=M?(Board Screw)
Add component. Clean all parameters for all variants
Added Component: Designator=M?(Board Screw)
Add component. Clean all parameters for all variants
Added Component: Designator=M?(Board Screw)
Add component. Clean all parameters for all variants
Added Component: Designator=M?(Board Screw)
Add component. Clean all parameters for all variants
Added Component: Designator=Q?(TO-92 BENT)
Add component. Clean all parameters for all variants
Add component (AddParameter): Name = "Data"; Value = "27-12-2016"; VariantName = "[No Variations]"
Add component (AddParameter): Name = "Desc."; Value = "Plastic Medium-Power. Silicon NPN Transistors"; VariantName = "[No Variations]"
Add component (AddParameter): Name = "Designer"; Value = "Abbas Basereh"; VariantName = "[No Variations]"
Add component (AddParameter): Name = "Link"; Value = ""; VariantName = "[No Variations]"
Add component (AddParameter): Name = "Manufacturer"; Value = ""; VariantName = "[No Variations]"
Add component (AddParameter): Name = "Part. No"; Value = ""; VariantName = "[No Variations]"
Added Component: Designator=R?(RES 1206 (3216X08L))
Add component. Clean all parameters for all variants
Add component (AddParameter): Name = "Power"; Value = "1/8 W"; VariantName = "[No Variations]"
Add component (AddParameter): Name = "Tolerance"; Value = "5%"; VariantName = "[No Variations]"
Add component (AddParameter): Name = "Value"; Value = "1K"; VariantName = "[No Variations]"
Added Component: Designator=R?(RES 1206 (3216X08L))
Add component. Clean all parameters for all variants
Add component (AddParameter): Name = "Power"; Value = "1/8 W"; VariantName = "[No Variations]"
Add component (AddParameter): Name = "Tolerance"; Value = "5%"; VariantName = "[No Variations]"
Add component (AddParameter): Name = "Value"; Value = "1K"; VariantName = "[No Variations]"
Added Net: Name=GND
Added Pin To Net: NetName=NetD?_2 Pin=D?-2
Added Net: Name=NetD?_2
Added Pin To Net: NetName=vin Pin=D?-1
Added Net: Name=vin
Added Member To Class: ClassName=my-cnc Member=Component C? 100nF
Added Member To Class: ClassName=my-cnc Member=Component D? 1N4148
Added Member To Class: ClassName=my-cnc Member=Component D? 1N4148
Added Member To Class: ClassName=my-cnc Member=Component D? 1N4148
Added Member To Class: ClassName=my-cnc Member=Component D? 1N4148
Added Member To Class: ClassName=my-cnc Member=Component D? Diode Zener
Added Member To Class: ClassName=my-cnc Member=Component J? GSD090144HR
Added Member To Class: ClassName=my-cnc Member=Component M? Screw
Added Member To Class: ClassName=my-cnc Member=Component M? Screw
Added Member To Class: ClassName=my-cnc Member=Component M? Screw
Added Member To Class: ClassName=my-cnc Member=Component M? Screw
Added Member To Class: ClassName=my-cnc Member=Component Q? BC547
Added Member To Class: ClassName=my-cnc Member=Component R? 1K
Added Member To Class: ClassName=my-cnc Member=Component R? 1K
Added Room: Name=my-cnc
